<?xml version="1.0" encoding="UTF-8"?>
<!-- Generated by org.testng.reporters.JUnitXMLReporter -->
<testsuite hostname="DESKTOP-QNHJ5Q7" name="Test" tests="4" failures="0" timestamp="10 Nov 2022 10:38:53 GMT" time="2.579" errors="0">
  <testcase name="verifyContentType" time="0.006" classname="restAPI.TC_01_ListUser"/>
  <testcase name="verifyHeaderPowered" time="0.007" classname="restAPI.TC_01_ListUser"/>
  <testcase name="verifyListUserTest" time="0.125" classname="restAPI.TC_01_ListUser"/>
  <testcase name="verifyStatusCode" time="0.005" classname="restAPI.TC_01_ListUser"/>
</testsuite> <!-- Test -->
